{
  "RSpec": {
    "coverage": {
      "/home/saasbook/Documents/menuize/app/controllers/application_controller.rb": [
        1,
        1,
        null,
        1,
        3,
        null,
        1,
        6,
        6,
        6,
        6,
        null,
        null,
        1,
        2,
        null,
        1,
        1,
        null,
        1,
        5,
        5,
        5,
        6,
        3,
        null,
        4,
        2,
        null,
        null,
        null,
        1,
        6,
        6,
        6,
        6,
        3,
        null,
        6,
        3,
        null,
        null,
        null,
        1,
        3,
        3,
        6,
        3,
        null,
        null,
        null
      ],
      "/home/saasbook/Documents/menuize/app/helpers/application_helper.rb": [
        1,
        null
      ],
      "/home/saasbook/Documents/menuize/app/helpers/restaurants_helper.rb": [
        1,
        null
      ],
      "/home/saasbook/Documents/menuize/app/helpers/users_helper.rb": [
        1,
        null
      ],
      "/home/saasbook/Documents/menuize/app/controllers/restaurants_controller.rb": [
        1,
        null,
        null,
        1,
        2,
        2,
        null,
        null,
        null,
        null,
        1,
        1,
        1,
        null,
        null,
        null,
        null,
        1,
        1,
        1,
        null,
        null,
        null,
        1,
        1,
        null,
        null,
        null,
        null,
        1,
        5,
        5,
        null,
        null,
        null,
        null,
        1,
        5,
        5,
        null,
        null,
        null,
        null,
        1,
        2,
        2,
        2,
        null,
        null
      ],
      "/home/saasbook/Documents/menuize/app/models/restaurant.rb": [
        null,
        null,
        null,
        null,
        null,
        null,
        null,
        null,
        null,
        null,
        null,
        null,
        null,
        null,
        null,
        null,
        null,
        null,
        null,
        null,
        null,
        null,
        1,
        1,
        null,
        null
      ],
      "/home/saasbook/Documents/menuize/app/controllers/users_controller.rb": [
        1,
        null,
        null,
        1,
        1,
        1,
        null,
        null,
        null,
        null,
        1,
        1,
        1,
        null,
        null,
        null,
        null,
        1,
        0,
        0,
        null,
        null,
        null,
        1,
        1,
        null,
        null,
        null,
        null,
        1,
        0,
        0,
        null,
        null,
        null,
        null,
        1,
        1,
        1,
        null,
        null,
        null,
        null,
        1,
        1,
        1,
        1,
        null,
        null
      ],
      "/home/saasbook/Documents/menuize/app/models/user.rb": [
        null,
        null,
        null,
        null,
        null,
        null,
        null,
        null,
        null,
        null,
        null,
        1,
        null,
        1,
        null
      ]
    },
    "timestamp": 1383543210
  }
}
