{
  "RSpec": {
    "coverage": {
      "/home/saasbook/Downloads/Menuize/menuize/app/controllers/application_controller.rb": [
        1,
        1,
        1,
        null,
        1,
        0,
        null,
        1,
        0,
        0,
        0,
        0,
        null,
        null,
        1,
        0,
        null,
        1,
        0,
        null,
        1,
        5,
        5,
        5,
        6,
        3,
        null,
        4,
        2,
        null,
        null,
        null,
        1,
        5,
        5,
        5,
        4,
        2,
        null,
        6,
        3,
        null,
        null,
        null,
        1,
        0,
        0,
        0,
        0,
        null,
        null,
        null,
        null,
        1,
        1,
        1,
        null,
        0,
        null,
        1,
        1,
        1,
        1,
        null,
        null,
        null,
        1,
        null,
        1,
        2,
        null,
        null
      ],
      "/home/saasbook/Downloads/Menuize/menuize/app/helpers/application_helper.rb": [
        1,
        1,
        0,
        0,
        0,
        null,
        0,
        null,
        null
      ],
      "/home/saasbook/Downloads/Menuize/menuize/app/helpers/images_helper.rb": [
        1,
        null
      ],
      "/home/saasbook/Downloads/Menuize/menuize/app/helpers/menu_items_helper.rb": [
        1,
        null
      ],
      "/home/saasbook/Downloads/Menuize/menuize/app/helpers/owner_requests_helper.rb": [
        1,
        null
      ],
      "/home/saasbook/Downloads/Menuize/menuize/app/helpers/password_resets_helper.rb": [
        1,
        null
      ],
      "/home/saasbook/Downloads/Menuize/menuize/app/helpers/restaurants_helper.rb": [
        1,
        null
      ],
      "/home/saasbook/Downloads/Menuize/menuize/app/helpers/sessions_helper.rb": [
        1,
        null
      ],
      "/home/saasbook/Downloads/Menuize/menuize/app/helpers/users_helper.rb": [
        1,
        null
      ],
      "/home/saasbook/Downloads/Menuize/menuize/app/models/admin_user.rb": [
        null,
        null,
        null,
        null,
        null,
        null,
        null,
        null,
        null,
        null,
        null,
        null,
        null,
        null,
        null,
        null,
        null,
        null,
        null,
        1,
        null,
        null,
        1,
        null,
        null,
        null,
        1,
        null,
        null
      ],
      "/home/saasbook/Downloads/Menuize/menuize/app/admin/admin_user.rb": [
        1,
        1,
        0,
        0,
        0,
        0,
        0,
        null,
        null,
        1,
        null,
        1,
        0,
        0,
        0,
        0,
        null,
        0,
        null,
        null
      ],
      "/home/saasbook/Downloads/Menuize/menuize/app/admin/dashboard.rb": [
        1,
        null,
        1,
        null,
        1,
        0,
        0,
        0,
        0,
        null,
        null,
        null,
        null,
        null,
        null,
        null,
        null,
        null,
        null,
        null,
        null,
        null,
        null,
        null,
        null,
        null,
        null,
        null,
        null,
        null,
        null,
        null,
        null
      ],
      "/home/saasbook/Downloads/Menuize/menuize/app/admin/restaurants.rb": [
        1,
        1,
        1,
        1,
        null,
        1,
        1,
        0,
        0,
        0,
        null,
        null,
        1,
        0,
        0,
        0,
        null,
        null,
        null,
        1,
        0,
        0,
        0,
        0,
        0,
        0,
        0,
        0,
        0,
        0,
        null,
        null,
        0,
        0,
        0,
        0,
        null,
        null,
        null,
        null,
        null
      ],
      "/home/saasbook/Downloads/Menuize/menuize/app/models/restaurant.rb": [
        null,
        null,
        null,
        null,
        null,
        null,
        null,
        null,
        null,
        null,
        null,
        null,
        null,
        null,
        null,
        null,
        null,
        null,
        null,
        null,
        null,
        null,
        1,
        1,
        null,
        1,
        1,
        1,
        1,
        1,
        1,
        1,
        null,
        1,
        0,
        0,
        0,
        null,
        null,
        1,
        0,
        0,
        0,
        null,
        null,
        1,
        0,
        0,
        null,
        null,
        1,
        8,
        8,
        4,
        null,
        null,
        8,
        null,
        3,
        null,
        8,
        null,
        null,
        null
      ],
      "/home/saasbook/Downloads/Menuize/menuize/app/controllers/images_controller.rb": [
        1,
        1,
        2,
        2,
        2,
        2,
        null,
        null
      ],
      "/home/saasbook/Downloads/Menuize/menuize/app/models/image.rb": [
        null,
        null,
        null,
        null,
        null,
        null,
        null,
        null,
        null,
        null,
        null,
        null,
        null,
        null,
        null,
        1,
        1,
        1,
        1,
        1,
        null
      ],
      "/home/saasbook/Downloads/Menuize/menuize/app/controllers/menu_items_controller.rb": [
        1,
        null
      ],
      "/home/saasbook/Downloads/Menuize/menuize/app/models/menu_item.rb": [
        null,
        null,
        null,
        null,
        null,
        null,
        null,
        null,
        null,
        null,
        null,
        null,
        1,
        null,
        null,
        null,
        1,
        1,
        null
      ],
      "/home/saasbook/Downloads/Menuize/menuize/app/controllers/owner_requests_controller.rb": [
        1,
        null
      ],
      "/home/saasbook/Downloads/Menuize/menuize/app/models/owner_request.rb": [
        null,
        null,
        null,
        null,
        null,
        null,
        null,
        null,
        null,
        null,
        null,
        null,
        null,
        null,
        1,
        1,
        null,
        null,
        null,
        null,
        null,
        null,
        1,
        0,
        0,
        0,
        null,
        null,
        1,
        0,
        0,
        0,
        null,
        null
      ],
      "/home/saasbook/Downloads/Menuize/menuize/app/controllers/password_resets_controller.rb": [
        1,
        1,
        null,
        null,
        1,
        0,
        0,
        0,
        0,
        null,
        0,
        0,
        null,
        null,
        null,
        1,
        0,
        null,
        null,
        1,
        0,
        0,
        0,
        0,
        0,
        null,
        0,
        null,
        null,
        null
      ],
      "/home/saasbook/Downloads/Menuize/menuize/app/controllers/restaurants_controller.rb": [
        1,
        null,
        null,
        null,
        1,
        2,
        null,
        null,
        null,
        null,
        1,
        1,
        1,
        0,
        null,
        1,
        null,
        null,
        null,
        null,
        null,
        1,
        1,
        4,
        null,
        null,
        null,
        1,
        0,
        0,
        0,
        0,
        null,
        null,
        null,
        null,
        null,
        1,
        5,
        5,
        5,
        5,
        5,
        0,
        0,
        null,
        5,
        5,
        null,
        null,
        null,
        null,
        1,
        5,
        5,
        5,
        null,
        5,
        0,
        0,
        0,
        null,
        5,
        5,
        5,
        null,
        null,
        null,
        null,
        1,
        1,
        1,
        0,
        0,
        null,
        null,
        null,
        1,
        0,
        null,
        null,
        null,
        1,
        0,
        null,
        null,
        1,
        0,
        0,
        0,
        0,
        null,
        null,
        1,
        1,
        10,
        10,
        null,
        null,
        1,
        1,
        10,
        0,
        null,
        10,
        0,
        0,
        0,
        null,
        null,
        null,
        null,
        null,
        1,
        1,
        20,
        0,
        0,
        null,
        null,
        null,
        1,
        1,
        0,
        0,
        0,
        null,
        null,
        1,
        1,
        0,
        0,
        0,
        0,
        0,
        null,
        0,
        null,
        null,
        0,
        null,
        null,
        1,
        1,
        null,
        5,
        0,
        0,
        null,
        null,
        null
      ],
      "/home/saasbook/Downloads/Menuize/menuize/app/controllers/sessions_controller.rb": [
        1,
        1,
        null,
        null,
        1,
        0,
        0,
        0,
        0,
        null,
        0,
        null,
        0,
        null,
        0,
        0,
        null,
        null,
        null,
        1,
        0,
        0,
        null,
        null
      ],
      "/home/saasbook/Downloads/Menuize/menuize/app/controllers/users_controller.rb": [
        1,
        null,
        null,
        null,
        1,
        0,
        0,
        null,
        null,
        null,
        null,
        1,
        0,
        0,
        null,
        null,
        null,
        null,
        1,
        0,
        0,
        null,
        null,
        null,
        1,
        0,
        null,
        null,
        null,
        null,
        1,
        0,
        0,
        0,
        0,
        null,
        0,
        0,
        0,
        null,
        null,
        0,
        null,
        null,
        null,
        null,
        null,
        1,
        0,
        0,
        null,
        null,
        null,
        null,
        1,
        0,
        0,
        0,
        null,
        null
      ],
      "/home/saasbook/Downloads/Menuize/menuize/app/models/user.rb": [
        null,
        null,
        null,
        null,
        null,
        null,
        null,
        null,
        null,
        null,
        null,
        null,
        null,
        null,
        null,
        null,
        1,
        null,
        1,
        1,
        1,
        2,
        1,
        1,
        1,
        1,
        null,
        1,
        0,
        0,
        0,
        null,
        null,
        null,
        null,
        null,
        1,
        0,
        0,
        0,
        0,
        null,
        null,
        1,
        null,
        1,
        1,
        null,
        null,
        1,
        1,
        1,
        1,
        null,
        null,
        null
      ],
      "/home/saasbook/Downloads/Menuize/menuize/app/mailers/user_mailer.rb": [
        1,
        1,
        null,
        1,
        0,
        0,
        null,
        null,
        1,
        0,
        0,
        0,
        null,
        null,
        1,
        0,
        0,
        null,
        null,
        null,
        null,
        null
      ],
      "/home/saasbook/Downloads/Menuize/menuize/app/models/ability.rb": [
        1,
        1,
        null,
        1,
        null,
        null,
        null,
        null,
        null,
        null,
        null,
        null,
        null,
        null,
        null,
        null,
        null,
        null,
        null,
        null,
        null,
        null,
        null,
        null,
        null,
        null,
        null,
        null,
        null,
        null,
        6,
        6,
        6,
        6,
        null,
        null
      ]
    },
    "timestamp": 1386653940
  },
  "Cucumber Features": {
    "coverage": {
      "/home/saasbook/Downloads/Menuize/menuize/app/controllers/application_controller.rb": [
        1,
        1,
        1,
        null,
        1,
        0,
        null,
        1,
        4,
        4,
        4,
        4,
        null,
        null,
        1,
        0,
        null,
        1,
        4,
        null,
        1,
        2,
        2,
        2,
        4,
        2,
        null,
        0,
        0,
        null,
        null,
        null,
        1,
        6,
        6,
        6,
        12,
        6,
        null,
        0,
        0,
        null,
        null,
        null,
        1,
        1,
        1,
        2,
        1,
        null,
        null,
        null,
        null,
        1,
        1,
        1,
        null,
        0,
        null,
        1,
        1,
        0,
        0,
        null,
        null,
        null,
        1,
        null,
        1,
        680,
        null,
        null
      ],
      "/home/saasbook/Downloads/Menuize/menuize/app/helpers/application_helper.rb": [
        1,
        1,
        12,
        12,
        12,
        null,
        12,
        null,
        null
      ],
      "/home/saasbook/Downloads/Menuize/menuize/app/helpers/images_helper.rb": [
        1,
        null
      ],
      "/home/saasbook/Downloads/Menuize/menuize/app/helpers/menu_items_helper.rb": [
        1,
        null
      ],
      "/home/saasbook/Downloads/Menuize/menuize/app/helpers/owner_requests_helper.rb": [
        1,
        null
      ],
      "/home/saasbook/Downloads/Menuize/menuize/app/helpers/password_resets_helper.rb": [
        1,
        null
      ],
      "/home/saasbook/Downloads/Menuize/menuize/app/helpers/restaurants_helper.rb": [
        1,
        null
      ],
      "/home/saasbook/Downloads/Menuize/menuize/app/helpers/sessions_helper.rb": [
        1,
        null
      ],
      "/home/saasbook/Downloads/Menuize/menuize/app/helpers/users_helper.rb": [
        1,
        null
      ],
      "/home/saasbook/Downloads/Menuize/menuize/app/models/admin_user.rb": [
        null,
        null,
        null,
        null,
        null,
        null,
        null,
        null,
        null,
        null,
        null,
        null,
        null,
        null,
        null,
        null,
        null,
        null,
        null,
        1,
        null,
        null,
        1,
        null,
        null,
        null,
        1,
        null,
        null
      ],
      "/home/saasbook/Downloads/Menuize/menuize/app/admin/admin_user.rb": [
        1,
        1,
        0,
        0,
        0,
        0,
        0,
        null,
        null,
        1,
        null,
        1,
        0,
        0,
        0,
        0,
        null,
        0,
        null,
        null
      ],
      "/home/saasbook/Downloads/Menuize/menuize/app/admin/dashboard.rb": [
        1,
        null,
        9,
        null,
        7,
        3,
        3,
        3,
        3,
        null,
        null,
        null,
        null,
        null,
        null,
        null,
        null,
        null,
        null,
        null,
        null,
        null,
        null,
        null,
        null,
        null,
        null,
        null,
        null,
        null,
        null,
        null,
        null
      ],
      "/home/saasbook/Downloads/Menuize/menuize/app/admin/restaurants.rb": [
        1,
        1,
        1,
        1,
        null,
        1,
        1,
        0,
        0,
        0,
        null,
        null,
        1,
        0,
        0,
        0,
        null,
        null,
        null,
        1,
        5,
        5,
        5,
        5,
        5,
        5,
        5,
        8,
        8,
        8,
        null,
        null,
        5,
        8,
        8,
        8,
        null,
        null,
        null,
        null,
        null
      ],
      "/home/saasbook/Downloads/Menuize/menuize/app/models/restaurant.rb": [
        null,
        null,
        null,
        null,
        null,
        null,
        null,
        null,
        null,
        null,
        null,
        null,
        null,
        null,
        null,
        null,
        null,
        null,
        null,
        null,
        null,
        null,
        1,
        1,
        null,
        1,
        1,
        1,
        1,
        1,
        1,
        1,
        null,
        1,
        5,
        5,
        5,
        null,
        null,
        1,
        1,
        1,
        1,
        null,
        null,
        1,
        1,
        1,
        null,
        null,
        1,
        80,
        80,
        20,
        null,
        null,
        80,
        null,
        12,
        null,
        80,
        null,
        null,
        null
      ],
      "/home/saasbook/Downloads/Menuize/menuize/app/controllers/images_controller.rb": [
        1,
        1,
        0,
        0,
        0,
        0,
        null,
        null
      ],
      "/home/saasbook/Downloads/Menuize/menuize/app/models/image.rb": [
        null,
        null,
        null,
        null,
        null,
        null,
        null,
        null,
        null,
        null,
        null,
        null,
        null,
        null,
        null,
        1,
        1,
        1,
        1,
        1,
        null
      ],
      "/home/saasbook/Downloads/Menuize/menuize/app/controllers/menu_items_controller.rb": [
        1,
        null
      ],
      "/home/saasbook/Downloads/Menuize/menuize/app/models/menu_item.rb": [
        null,
        null,
        null,
        null,
        null,
        null,
        null,
        null,
        null,
        null,
        null,
        null,
        1,
        null,
        null,
        null,
        1,
        1,
        null
      ],
      "/home/saasbook/Downloads/Menuize/menuize/app/controllers/owner_requests_controller.rb": [
        1,
        null
      ],
      "/home/saasbook/Downloads/Menuize/menuize/app/models/owner_request.rb": [
        null,
        null,
        null,
        null,
        null,
        null,
        null,
        null,
        null,
        null,
        null,
        null,
        null,
        null,
        1,
        1,
        null,
        null,
        null,
        null,
        null,
        null,
        1,
        1,
        1,
        1,
        null,
        null,
        1,
        1,
        1,
        1,
        null,
        null
      ],
      "/home/saasbook/Downloads/Menuize/menuize/app/controllers/password_resets_controller.rb": [
        1,
        1,
        null,
        null,
        1,
        2,
        2,
        1,
        1,
        null,
        1,
        1,
        null,
        null,
        null,
        1,
        0,
        null,
        null,
        1,
        0,
        0,
        0,
        0,
        0,
        null,
        0,
        null,
        null,
        null
      ],
      "/home/saasbook/Downloads/Menuize/menuize/app/controllers/restaurants_controller.rb": [
        1,
        null,
        null,
        null,
        1,
        80,
        null,
        null,
        null,
        null,
        1,
        17,
        17,
        0,
        null,
        17,
        null,
        null,
        null,
        null,
        null,
        1,
        4,
        16,
        null,
        null,
        null,
        1,
        8,
        8,
        8,
        32,
        null,
        null,
        null,
        null,
        null,
        1,
        2,
        2,
        2,
        2,
        2,
        1,
        1,
        null,
        2,
        2,
        null,
        null,
        null,
        null,
        1,
        6,
        6,
        6,
        null,
        6,
        4,
        4,
        4,
        null,
        6,
        6,
        6,
        null,
        null,
        null,
        null,
        1,
        1,
        1,
        1,
        1,
        null,
        null,
        null,
        1,
        1,
        null,
        null,
        null,
        1,
        1,
        null,
        null,
        1,
        2,
        2,
        2,
        2,
        null,
        null,
        1,
        1,
        8,
        8,
        null,
        null,
        1,
        1,
        8,
        2,
        null,
        8,
        8,
        24,
        3,
        null,
        null,
        null,
        null,
        null,
        1,
        1,
        16,
        10,
        10,
        null,
        null,
        null,
        1,
        1,
        5,
        5,
        5,
        null,
        null,
        1,
        1,
        2,
        2,
        2,
        2,
        1,
        null,
        1,
        null,
        null,
        2,
        null,
        null,
        1,
        1,
        null,
        2,
        0,
        0,
        null,
        null,
        null
      ],
      "/home/saasbook/Downloads/Menuize/menuize/app/controllers/sessions_controller.rb": [
        1,
        1,
        null,
        null,
        1,
        29,
        29,
        27,
        1,
        null,
        26,
        null,
        27,
        null,
        2,
        2,
        null,
        null,
        null,
        1,
        1,
        1,
        null,
        null
      ],
      "/home/saasbook/Downloads/Menuize/menuize/app/controllers/users_controller.rb": [
        1,
        null,
        null,
        null,
        1,
        0,
        0,
        null,
        null,
        null,
        null,
        1,
        0,
        0,
        null,
        null,
        null,
        null,
        1,
        4,
        4,
        null,
        null,
        null,
        1,
        0,
        null,
        null,
        null,
        null,
        1,
        4,
        4,
        2,
        2,
        null,
        2,
        2,
        2,
        null,
        null,
        2,
        null,
        null,
        null,
        null,
        null,
        1,
        0,
        0,
        null,
        null,
        null,
        null,
        1,
        0,
        0,
        0,
        null,
        null
      ],
      "/home/saasbook/Downloads/Menuize/menuize/app/models/user.rb": [
        null,
        null,
        null,
        null,
        null,
        null,
        null,
        null,
        null,
        null,
        null,
        null,
        null,
        null,
        null,
        null,
        1,
        null,
        1,
        1,
        1,
        75,
        1,
        1,
        1,
        1,
        null,
        1,
        28,
        28,
        27,
        null,
        null,
        null,
        null,
        null,
        1,
        1,
        1,
        1,
        1,
        null,
        null,
        1,
        null,
        75,
        75,
        null,
        null,
        1,
        75,
        74,
        74,
        null,
        null,
        null
      ],
      "/home/saasbook/Downloads/Menuize/menuize/app/mailers/user_mailer.rb": [
        1,
        1,
        null,
        1,
        2,
        2,
        null,
        null,
        1,
        5,
        5,
        5,
        null,
        null,
        1,
        1,
        1,
        null,
        null,
        null,
        null,
        null
      ],
      "/home/saasbook/Downloads/Menuize/menuize/app/models/ability.rb": [
        1,
        1,
        null,
        1,
        null,
        null,
        null,
        null,
        null,
        null,
        null,
        null,
        null,
        null,
        null,
        null,
        null,
        null,
        null,
        null,
        null,
        null,
        null,
        null,
        null,
        null,
        null,
        null,
        null,
        null,
        70,
        70,
        70,
        70,
        null,
        null
      ]
    },
    "timestamp": 1386653906
  }
}
